<?xml version="1.0" encoding="UTF-8"?>
<!-- Generated by org.testng.reporters.JUnitReportReporter -->
<testsuite skipped="0" hostname="user-PC" name="com.w2a.testcases.LoginTest" tests="1" failures="0" timestamp="2020-09-20T15:19:38 IST" time="18.854" errors="0">
  <testcase name="loginTest" time="18.854" classname="com.w2a.testcases.LoginTest"/>
  <system-out/>
</testsuite> <!-- com.w2a.testcases.LoginTest -->
